2022-07-22 20:27:39.580 INFO  com.jiawa.wiki.WikiApplication                    :55   [32m                  [0;39m Starting WikiApplication using Java 1.8.0_152 on DESKTOP-JC14IBB with PID 8044 (F:\code\wiki\target\classes started by wzhy1997 in F:\code\wiki)
2022-07-22 20:27:39.584 INFO  com.jiawa.wiki.WikiApplication                    :660  [32m                  [0;39m No active profile set, falling back to default profiles: default
2022-07-22 20:27:40.628 INFO  o.s.boot.web.embedded.tomcat.TomcatWebServer      :108  [32m                  [0;39m Tomcat initialized with port(s): 8080 (http)
2022-07-22 20:27:40.636 INFO  org.apache.coyote.http11.Http11NioProtocol        :173  [32m                  [0;39m Initializing ProtocolHandler ["http-nio-8080"]
2022-07-22 20:27:40.637 INFO  org.apache.catalina.core.StandardService          :173  [32m                  [0;39m Starting service [Tomcat]
2022-07-22 20:27:40.637 INFO  org.apache.catalina.core.StandardEngine           :173  [32m                  [0;39m Starting Servlet engine: [Apache Tomcat/9.0.39]
2022-07-22 20:27:40.732 INFO  o.a.c.core.ContainerBase.[Tomcat].[localhost].[/] :173  [32m                  [0;39m Initializing Spring embedded WebApplicationContext
2022-07-22 20:27:40.732 INFO  o.s.b.w.s.c.ServletWebServerApplicationContext    :289  [32m                  [0;39m Root WebApplicationContext: initialization completed in 1080 ms
2022-07-22 20:27:40.870 INFO  o.s.scheduling.concurrent.ThreadPoolTaskExecutor  :181  [32m                  [0;39m Initializing ExecutorService 'applicationTaskExecutor'
2022-07-22 20:27:40.998 INFO  org.apache.coyote.http11.Http11NioProtocol        :173  [32m                  [0;39m Starting ProtocolHandler ["http-nio-8080"]
2022-07-22 20:27:41.009 WARN  o.s.b.w.s.c.AnnotationConfigServletWebServerApplicationContext:596  [32m                  [0;39m Exception encountered during context initialization - cancelling refresh attempt: org.springframework.context.ApplicationContextException: Failed to start bean 'webServerStartStop'; nested exception is org.springframework.boot.web.server.PortInUseException: Port 8080 is already in use
2022-07-22 20:27:41.010 INFO  o.s.scheduling.concurrent.ThreadPoolTaskExecutor  :218  [32m                  [0;39m Shutting down ExecutorService 'applicationTaskExecutor'
2022-07-22 20:27:41.012 INFO  org.apache.coyote.http11.Http11NioProtocol        :173  [32m                  [0;39m Pausing ProtocolHandler ["http-nio-8080"]
2022-07-22 20:27:41.012 INFO  org.apache.catalina.core.StandardService          :173  [32m                  [0;39m Stopping service [Tomcat]
2022-07-22 20:27:41.017 INFO  org.apache.coyote.http11.Http11NioProtocol        :173  [32m                  [0;39m Stopping ProtocolHandler ["http-nio-8080"]
2022-07-22 20:27:41.017 INFO  org.apache.coyote.http11.Http11NioProtocol        :173  [32m                  [0;39m Destroying ProtocolHandler ["http-nio-8080"]
2022-07-22 20:27:41.023 INFO  o.s.b.a.l.ConditionEvaluationReportLoggingListener:136  [32m                  [0;39m 

Error starting ApplicationContext. To display the conditions report re-run your application with 'debug' enabled.
2022-07-22 20:27:41.035 ERROR o.s.b.diagnostics.LoggingFailureAnalysisReporter  :40   [32m                  [0;39m 

***************************
APPLICATION FAILED TO START
***************************

Description:

Web server failed to start. Port 8080 was already in use.

Action:

Identify and stop the process that's listening on port 8080 or configure this application to listen on another port.

2022-07-22 20:31:42.051 INFO  com.jiawa.wiki.WikiApplication                    :55   [32m                  [0;39m Starting WikiApplication using Java 1.8.0_152 on DESKTOP-JC14IBB with PID 9964 (F:\code\wiki\target\classes started by wzhy1997 in F:\code\wiki)
2022-07-22 20:31:42.056 INFO  com.jiawa.wiki.WikiApplication                    :660  [32m                  [0;39m No active profile set, falling back to default profiles: default
2022-07-22 20:31:43.042 INFO  o.s.boot.web.embedded.tomcat.TomcatWebServer      :108  [32m                  [0;39m Tomcat initialized with port(s): 8880 (http)
2022-07-22 20:31:43.053 INFO  org.apache.coyote.http11.Http11NioProtocol        :173  [32m                  [0;39m Initializing ProtocolHandler ["http-nio-8880"]
2022-07-22 20:31:43.054 INFO  org.apache.catalina.core.StandardService          :173  [32m                  [0;39m Starting service [Tomcat]
2022-07-22 20:31:43.055 INFO  org.apache.catalina.core.StandardEngine           :173  [32m                  [0;39m Starting Servlet engine: [Apache Tomcat/9.0.39]
2022-07-22 20:31:43.165 INFO  o.a.c.core.ContainerBase.[Tomcat].[localhost].[/] :173  [32m                  [0;39m Initializing Spring embedded WebApplicationContext
2022-07-22 20:31:43.166 INFO  o.s.b.w.s.c.ServletWebServerApplicationContext    :289  [32m                  [0;39m Root WebApplicationContext: initialization completed in 1037 ms
2022-07-22 20:31:43.356 INFO  o.s.scheduling.concurrent.ThreadPoolTaskExecutor  :181  [32m                  [0;39m Initializing ExecutorService 'applicationTaskExecutor'
2022-07-22 20:31:43.504 INFO  org.apache.coyote.http11.Http11NioProtocol        :173  [32m                  [0;39m Starting ProtocolHandler ["http-nio-8880"]
2022-07-22 20:31:43.525 INFO  o.s.boot.web.embedded.tomcat.TomcatWebServer      :220  [32m                  [0;39m Tomcat started on port(s): 8880 (http) with context path ''
2022-07-22 20:31:43.537 INFO  com.jiawa.wiki.WikiApplication                    :61   [32m                  [0;39m Started WikiApplication in 2.186 seconds (JVM running for 3.641)
2022-07-22 20:31:43.540 INFO  com.jiawa.wiki.WikiApplication                    :18   [32m                  [0;39m 启动成功
2022-07-22 20:31:43.540 INFO  com.jiawa.wiki.WikiApplication                    :19   [32m                  [0;39m 地址:	http://127.0.0.1:8880
2022-07-22 20:36:08.377 INFO  o.a.c.core.ContainerBase.[Tomcat].[localhost].[/] :173  [32m                  [0;39m Initializing Spring DispatcherServlet 'dispatcherServlet'
2022-07-22 20:36:08.377 INFO  org.springframework.web.servlet.DispatcherServlet :525  [32m                  [0;39m Initializing Servlet 'dispatcherServlet'
2022-07-22 20:36:08.379 INFO  org.springframework.web.servlet.DispatcherServlet :547  [32m                  [0;39m Completed initialization in 1 ms
2022-07-22 20:37:00.418 INFO  o.s.scheduling.concurrent.ThreadPoolTaskExecutor  :218  [32m                  [0;39m Shutting down ExecutorService 'applicationTaskExecutor'
2022-07-22 20:37:04.236 INFO  com.jiawa.wiki.WikiApplication                    :55   [32m                  [0;39m Starting WikiApplication using Java 1.8.0_152 on DESKTOP-JC14IBB with PID 4488 (F:\code\wiki\target\classes started by wzhy1997 in F:\code\wiki)
2022-07-22 20:37:04.240 INFO  com.jiawa.wiki.WikiApplication                    :660  [32m                  [0;39m No active profile set, falling back to default profiles: default
2022-07-22 20:37:05.036 INFO  o.s.boot.web.embedded.tomcat.TomcatWebServer      :108  [32m                  [0;39m Tomcat initialized with port(s): 8880 (http)
2022-07-22 20:37:05.043 INFO  org.apache.coyote.http11.Http11NioProtocol        :173  [32m                  [0;39m Initializing ProtocolHandler ["http-nio-8880"]
2022-07-22 20:37:05.044 INFO  org.apache.catalina.core.StandardService          :173  [32m                  [0;39m Starting service [Tomcat]
2022-07-22 20:37:05.044 INFO  org.apache.catalina.core.StandardEngine           :173  [32m                  [0;39m Starting Servlet engine: [Apache Tomcat/9.0.39]
2022-07-22 20:37:05.145 INFO  o.a.c.core.ContainerBase.[Tomcat].[localhost].[/] :173  [32m                  [0;39m Initializing Spring embedded WebApplicationContext
2022-07-22 20:37:05.146 INFO  o.s.b.w.s.c.ServletWebServerApplicationContext    :289  [32m                  [0;39m Root WebApplicationContext: initialization completed in 847 ms
2022-07-22 20:37:05.290 INFO  o.s.scheduling.concurrent.ThreadPoolTaskExecutor  :181  [32m                  [0;39m Initializing ExecutorService 'applicationTaskExecutor'
2022-07-22 20:37:05.411 INFO  org.apache.coyote.http11.Http11NioProtocol        :173  [32m                  [0;39m Starting ProtocolHandler ["http-nio-8880"]
2022-07-22 20:37:05.427 INFO  o.s.boot.web.embedded.tomcat.TomcatWebServer      :220  [32m                  [0;39m Tomcat started on port(s): 8880 (http) with context path ''
2022-07-22 20:37:05.436 INFO  com.jiawa.wiki.WikiApplication                    :61   [32m                  [0;39m Started WikiApplication in 1.812 seconds (JVM running for 3.001)
2022-07-22 20:37:05.439 INFO  com.jiawa.wiki.WikiApplication                    :18   [32m                  [0;39m 启动成功
2022-07-22 20:37:05.439 INFO  com.jiawa.wiki.WikiApplication                    :19   [32m                  [0;39m 地址:	http://127.0.0.1:8880
2022-07-22 20:37:06.161 INFO  o.a.c.core.ContainerBase.[Tomcat].[localhost].[/] :173  [32m                  [0;39m Initializing Spring DispatcherServlet 'dispatcherServlet'
2022-07-22 20:37:06.162 INFO  org.springframework.web.servlet.DispatcherServlet :525  [32m                  [0;39m Initializing Servlet 'dispatcherServlet'
2022-07-22 20:37:06.163 INFO  org.springframework.web.servlet.DispatcherServlet :547  [32m                  [0;39m Completed initialization in 1 ms
2022-07-22 20:59:16.839 INFO  org.apache.coyote.http11.Http11Processor          :175  [32m                  [0;39m Error parsing HTTP request header
 Note: further occurrences of HTTP request parsing errors will be logged at DEBUG level.
java.lang.IllegalArgumentException: The HTTP header line [name=test: ] does not conform to RFC 7230 and has been ignored.
	at org.apache.coyote.http11.Http11InputBuffer.skipLine(Http11InputBuffer.java:1041)
	at org.apache.coyote.http11.Http11InputBuffer.parseHeader(Http11InputBuffer.java:893)
	at org.apache.coyote.http11.Http11InputBuffer.parseHeaders(Http11InputBuffer.java:593)
	at org.apache.coyote.http11.Http11Processor.service(Http11Processor.java:284)
	at org.apache.coyote.AbstractProcessorLight.process(AbstractProcessorLight.java:65)
	at org.apache.coyote.AbstractProtocol$ConnectionHandler.process(AbstractProtocol.java:868)
	at org.apache.tomcat.util.net.NioEndpoint$SocketProcessor.doRun(NioEndpoint.java:1590)
	at org.apache.tomcat.util.net.SocketProcessorBase.run(SocketProcessorBase.java:49)
	at java.util.concurrent.ThreadPoolExecutor.runWorker(ThreadPoolExecutor.java:1149)
	at java.util.concurrent.ThreadPoolExecutor$Worker.run(ThreadPoolExecutor.java:624)
	at org.apache.tomcat.util.threads.TaskThread$WrappingRunnable.run(TaskThread.java:61)
	at java.lang.Thread.run(Thread.java:748)
2022-07-22 21:00:11.390 INFO  o.s.scheduling.concurrent.ThreadPoolTaskExecutor  :218  [32m                  [0;39m Shutting down ExecutorService 'applicationTaskExecutor'
2022-07-22 21:00:17.974 INFO  com.jiawa.wiki.WikiApplication                    :55   [32m                  [0;39m Starting WikiApplication using Java 1.8.0_152 on DESKTOP-JC14IBB with PID 16172 (F:\code\wiki\target\classes started by wzhy1997 in F:\code\wiki)
2022-07-22 21:00:17.979 INFO  com.jiawa.wiki.WikiApplication                    :660  [32m                  [0;39m No active profile set, falling back to default profiles: default
2022-07-22 21:00:18.881 INFO  o.s.boot.web.embedded.tomcat.TomcatWebServer      :108  [32m                  [0;39m Tomcat initialized with port(s): 8880 (http)
2022-07-22 21:00:18.889 INFO  org.apache.coyote.http11.Http11NioProtocol        :173  [32m                  [0;39m Initializing ProtocolHandler ["http-nio-8880"]
2022-07-22 21:00:18.890 INFO  org.apache.catalina.core.StandardService          :173  [32m                  [0;39m Starting service [Tomcat]
2022-07-22 21:00:18.890 INFO  org.apache.catalina.core.StandardEngine           :173  [32m                  [0;39m Starting Servlet engine: [Apache Tomcat/9.0.39]
2022-07-22 21:00:18.984 INFO  o.a.c.core.ContainerBase.[Tomcat].[localhost].[/] :173  [32m                  [0;39m Initializing Spring embedded WebApplicationContext
2022-07-22 21:00:18.985 INFO  o.s.b.w.s.c.ServletWebServerApplicationContext    :289  [32m                  [0;39m Root WebApplicationContext: initialization completed in 933 ms
2022-07-22 21:00:19.140 INFO  o.s.scheduling.concurrent.ThreadPoolTaskExecutor  :181  [32m                  [0;39m Initializing ExecutorService 'applicationTaskExecutor'
2022-07-22 21:00:19.294 INFO  org.apache.coyote.http11.Http11NioProtocol        :173  [32m                  [0;39m Starting ProtocolHandler ["http-nio-8880"]
2022-07-22 21:00:19.312 INFO  o.s.boot.web.embedded.tomcat.TomcatWebServer      :220  [32m                  [0;39m Tomcat started on port(s): 8880 (http) with context path ''
2022-07-22 21:00:19.322 INFO  com.jiawa.wiki.WikiApplication                    :61   [32m                  [0;39m Started WikiApplication in 2.011 seconds (JVM running for 3.247)
2022-07-22 21:00:19.324 INFO  com.jiawa.wiki.WikiApplication                    :18   [32m                  [0;39m 启动成功
2022-07-22 21:00:19.325 INFO  com.jiawa.wiki.WikiApplication                    :19   [32m                  [0;39m 地址:	http://127.0.0.1:8880
2022-07-22 21:00:21.860 INFO  org.apache.coyote.http11.Http11Processor          :175  [32m                  [0;39m Error parsing HTTP request header
 Note: further occurrences of HTTP request parsing errors will be logged at DEBUG level.
java.lang.IllegalArgumentException: The HTTP header line [name=test: ] does not conform to RFC 7230 and has been ignored.
	at org.apache.coyote.http11.Http11InputBuffer.skipLine(Http11InputBuffer.java:1041)
	at org.apache.coyote.http11.Http11InputBuffer.parseHeader(Http11InputBuffer.java:893)
	at org.apache.coyote.http11.Http11InputBuffer.parseHeaders(Http11InputBuffer.java:593)
	at org.apache.coyote.http11.Http11Processor.service(Http11Processor.java:284)
	at org.apache.coyote.AbstractProcessorLight.process(AbstractProcessorLight.java:65)
	at org.apache.coyote.AbstractProtocol$ConnectionHandler.process(AbstractProtocol.java:868)
	at org.apache.tomcat.util.net.NioEndpoint$SocketProcessor.doRun(NioEndpoint.java:1590)
	at org.apache.tomcat.util.net.SocketProcessorBase.run(SocketProcessorBase.java:49)
	at java.util.concurrent.ThreadPoolExecutor.runWorker(ThreadPoolExecutor.java:1149)
	at java.util.concurrent.ThreadPoolExecutor$Worker.run(ThreadPoolExecutor.java:624)
	at org.apache.tomcat.util.threads.TaskThread$WrappingRunnable.run(TaskThread.java:61)
	at java.lang.Thread.run(Thread.java:748)
2022-07-22 21:01:06.023 INFO  o.a.c.core.ContainerBase.[Tomcat].[localhost].[/] :173  [32m                  [0;39m Initializing Spring DispatcherServlet 'dispatcherServlet'
2022-07-22 21:01:06.024 INFO  org.springframework.web.servlet.DispatcherServlet :525  [32m                  [0;39m Initializing Servlet 'dispatcherServlet'
2022-07-22 21:01:06.025 INFO  org.springframework.web.servlet.DispatcherServlet :547  [32m                  [0;39m Completed initialization in 1 ms
2022-07-22 21:09:25.429 INFO  o.s.scheduling.concurrent.ThreadPoolTaskExecutor  :218  [32m                  [0;39m Shutting down ExecutorService 'applicationTaskExecutor'
2022-07-22 21:09:30.123 INFO  com.jiawa.wiki.WikiApplication                    :55   [32m                  [0;39m Starting WikiApplication using Java 1.8.0_152 on DESKTOP-JC14IBB with PID 14268 (F:\code\wiki\target\classes started by wzhy1997 in F:\code\wiki)
2022-07-22 21:09:30.128 INFO  com.jiawa.wiki.WikiApplication                    :660  [32m                  [0;39m No active profile set, falling back to default profiles: default
2022-07-22 21:09:30.817 WARN  o.s.b.w.s.c.AnnotationConfigServletWebServerApplicationContext:596  [32m                  [0;39m Exception encountered during context initialization - cancelling refresh attempt: org.springframework.context.ApplicationContextException: Unable to start web server; nested exception is org.springframework.beans.factory.BeanCreationException: Error creating bean with name 'tomcatServletWebServerFactory' defined in class path resource [org/springframework/boot/autoconfigure/web/servlet/ServletWebServerFactoryConfiguration$EmbeddedTomcat.class]: Initialization of bean failed; nested exception is org.springframework.beans.factory.UnsatisfiedDependencyException: Error creating bean with name 'servletWebServerFactoryCustomizer' defined in class path resource [org/springframework/boot/autoconfigure/web/servlet/ServletWebServerFactoryAutoConfiguration.class]: Unsatisfied dependency expressed through method 'servletWebServerFactoryCustomizer' parameter 0; nested exception is org.springframework.boot.context.properties.ConfigurationPropertiesBindException: Error creating bean with name 'server-org.springframework.boot.autoconfigure.web.ServerProperties': Could not bind properties to 'ServerProperties' : prefix=server, ignoreInvalidFields=false, ignoreUnknownFields=true; nested exception is org.springframework.boot.context.properties.bind.BindException: Failed to bind properties under 'server.port' to java.lang.Integer
2022-07-22 21:09:30.826 INFO  o.s.b.a.l.ConditionEvaluationReportLoggingListener:136  [32m                  [0;39m 

Error starting ApplicationContext. To display the conditions report re-run your application with 'debug' enabled.
2022-07-22 21:09:30.844 ERROR o.s.b.diagnostics.LoggingFailureAnalysisReporter  :40   [32m                  [0;39m 

***************************
APPLICATION FAILED TO START
***************************

Description:

Failed to bind properties under 'server.port' to java.lang.Integer:

    Property: server.port
    Value: 8881;
    Origin: class path resource [config/application.properties] - 1:13
    Reason: failed to convert java.lang.String to java.lang.Integer

Action:

Update your application's configuration

2022-07-22 21:09:52.171 INFO  com.jiawa.wiki.WikiApplication                    :55   [32m                  [0;39m Starting WikiApplication using Java 1.8.0_152 on DESKTOP-JC14IBB with PID 13052 (F:\code\wiki\target\classes started by wzhy1997 in F:\code\wiki)
2022-07-22 21:09:52.175 INFO  com.jiawa.wiki.WikiApplication                    :660  [32m                  [0;39m No active profile set, falling back to default profiles: default
2022-07-22 21:09:52.842 WARN  o.s.b.w.s.c.AnnotationConfigServletWebServerApplicationContext:596  [32m                  [0;39m Exception encountered during context initialization - cancelling refresh attempt: org.springframework.context.ApplicationContextException: Unable to start web server; nested exception is org.springframework.beans.factory.BeanCreationException: Error creating bean with name 'tomcatServletWebServerFactory' defined in class path resource [org/springframework/boot/autoconfigure/web/servlet/ServletWebServerFactoryConfiguration$EmbeddedTomcat.class]: Initialization of bean failed; nested exception is org.springframework.beans.factory.UnsatisfiedDependencyException: Error creating bean with name 'servletWebServerFactoryCustomizer' defined in class path resource [org/springframework/boot/autoconfigure/web/servlet/ServletWebServerFactoryAutoConfiguration.class]: Unsatisfied dependency expressed through method 'servletWebServerFactoryCustomizer' parameter 0; nested exception is org.springframework.boot.context.properties.ConfigurationPropertiesBindException: Error creating bean with name 'server-org.springframework.boot.autoconfigure.web.ServerProperties': Could not bind properties to 'ServerProperties' : prefix=server, ignoreInvalidFields=false, ignoreUnknownFields=true; nested exception is org.springframework.boot.context.properties.bind.BindException: Failed to bind properties under 'server.port' to java.lang.Integer
2022-07-22 21:09:52.850 INFO  o.s.b.a.l.ConditionEvaluationReportLoggingListener:136  [32m                  [0;39m 

Error starting ApplicationContext. To display the conditions report re-run your application with 'debug' enabled.
2022-07-22 21:09:52.863 ERROR o.s.b.diagnostics.LoggingFailureAnalysisReporter  :40   [32m                  [0;39m 

***************************
APPLICATION FAILED TO START
***************************

Description:

Failed to bind properties under 'server.port' to java.lang.Integer:

    Property: server.port
    Value: 8881;
    Origin: class path resource [config/application.properties] - 1:13
    Reason: failed to convert java.lang.String to java.lang.Integer

Action:

Update your application's configuration

2022-07-22 21:10:42.440 INFO  com.jiawa.wiki.WikiApplication                    :55   [32m                  [0;39m Starting WikiApplication using Java 1.8.0_152 on DESKTOP-JC14IBB with PID 12752 (F:\code\wiki\target\classes started by wzhy1997 in F:\code\wiki)
2022-07-22 21:10:42.445 INFO  com.jiawa.wiki.WikiApplication                    :660  [32m                  [0;39m No active profile set, falling back to default profiles: default
2022-07-22 21:10:43.210 WARN  o.s.b.w.s.c.AnnotationConfigServletWebServerApplicationContext:596  [32m                  [0;39m Exception encountered during context initialization - cancelling refresh attempt: org.springframework.context.ApplicationContextException: Unable to start web server; nested exception is org.springframework.beans.factory.BeanCreationException: Error creating bean with name 'tomcatServletWebServerFactory' defined in class path resource [org/springframework/boot/autoconfigure/web/servlet/ServletWebServerFactoryConfiguration$EmbeddedTomcat.class]: Initialization of bean failed; nested exception is org.springframework.beans.factory.UnsatisfiedDependencyException: Error creating bean with name 'servletWebServerFactoryCustomizer' defined in class path resource [org/springframework/boot/autoconfigure/web/servlet/ServletWebServerFactoryAutoConfiguration.class]: Unsatisfied dependency expressed through method 'servletWebServerFactoryCustomizer' parameter 0; nested exception is org.springframework.boot.context.properties.ConfigurationPropertiesBindException: Error creating bean with name 'server-org.springframework.boot.autoconfigure.web.ServerProperties': Could not bind properties to 'ServerProperties' : prefix=server, ignoreInvalidFields=false, ignoreUnknownFields=true; nested exception is org.springframework.boot.context.properties.bind.BindException: Failed to bind properties under 'server.port' to java.lang.Integer
2022-07-22 21:10:43.223 INFO  o.s.b.a.l.ConditionEvaluationReportLoggingListener:136  [32m                  [0;39m 

Error starting ApplicationContext. To display the conditions report re-run your application with 'debug' enabled.
2022-07-22 21:10:43.242 ERROR o.s.b.diagnostics.LoggingFailureAnalysisReporter  :40   [32m                  [0;39m 

***************************
APPLICATION FAILED TO START
***************************

Description:

Failed to bind properties under 'server.port' to java.lang.Integer:

    Property: server.port
    Value: 8881;
    Origin: class path resource [config/application.properties] - 1:13
    Reason: failed to convert java.lang.String to java.lang.Integer

Action:

Update your application's configuration

2022-07-22 21:11:08.048 INFO  com.jiawa.wiki.WikiApplication                    :55   [32m                  [0;39m Starting WikiApplication using Java 1.8.0_152 on DESKTOP-JC14IBB with PID 2512 (F:\code\wiki\target\classes started by wzhy1997 in F:\code\wiki)
2022-07-22 21:11:08.052 INFO  com.jiawa.wiki.WikiApplication                    :660  [32m                  [0;39m No active profile set, falling back to default profiles: default
2022-07-22 21:11:08.719 WARN  o.s.b.w.s.c.AnnotationConfigServletWebServerApplicationContext:596  [32m                  [0;39m Exception encountered during context initialization - cancelling refresh attempt: org.springframework.context.ApplicationContextException: Unable to start web server; nested exception is org.springframework.beans.factory.BeanCreationException: Error creating bean with name 'tomcatServletWebServerFactory' defined in class path resource [org/springframework/boot/autoconfigure/web/servlet/ServletWebServerFactoryConfiguration$EmbeddedTomcat.class]: Initialization of bean failed; nested exception is org.springframework.beans.factory.UnsatisfiedDependencyException: Error creating bean with name 'servletWebServerFactoryCustomizer' defined in class path resource [org/springframework/boot/autoconfigure/web/servlet/ServletWebServerFactoryAutoConfiguration.class]: Unsatisfied dependency expressed through method 'servletWebServerFactoryCustomizer' parameter 0; nested exception is org.springframework.boot.context.properties.ConfigurationPropertiesBindException: Error creating bean with name 'server-org.springframework.boot.autoconfigure.web.ServerProperties': Could not bind properties to 'ServerProperties' : prefix=server, ignoreInvalidFields=false, ignoreUnknownFields=true; nested exception is org.springframework.boot.context.properties.bind.BindException: Failed to bind properties under 'server.port' to java.lang.Integer
2022-07-22 21:11:08.728 INFO  o.s.b.a.l.ConditionEvaluationReportLoggingListener:136  [32m                  [0;39m 

Error starting ApplicationContext. To display the conditions report re-run your application with 'debug' enabled.
2022-07-22 21:11:08.740 ERROR o.s.b.diagnostics.LoggingFailureAnalysisReporter  :40   [32m                  [0;39m 

***************************
APPLICATION FAILED TO START
***************************

Description:

Failed to bind properties under 'server.port' to java.lang.Integer:

    Property: server.port
    Value: 8881;
    Origin: class path resource [config/application.properties] - 1:13
    Reason: failed to convert java.lang.String to java.lang.Integer

Action:

Update your application's configuration

2022-07-22 21:11:17.465 INFO  com.jiawa.wiki.WikiApplication                    :55   [32m                  [0;39m Starting WikiApplication using Java 1.8.0_152 on DESKTOP-JC14IBB with PID 4760 (F:\code\wiki\target\classes started by wzhy1997 in F:\code\wiki)
2022-07-22 21:11:17.471 INFO  com.jiawa.wiki.WikiApplication                    :660  [32m                  [0;39m No active profile set, falling back to default profiles: default
2022-07-22 21:11:18.586 INFO  o.s.boot.web.embedded.tomcat.TomcatWebServer      :108  [32m                  [0;39m Tomcat initialized with port(s): 8880 (http)
2022-07-22 21:11:18.596 INFO  org.apache.coyote.http11.Http11NioProtocol        :173  [32m                  [0;39m Initializing ProtocolHandler ["http-nio-8880"]
2022-07-22 21:11:18.598 INFO  org.apache.catalina.core.StandardService          :173  [32m                  [0;39m Starting service [Tomcat]
2022-07-22 21:11:18.598 INFO  org.apache.catalina.core.StandardEngine           :173  [32m                  [0;39m Starting Servlet engine: [Apache Tomcat/9.0.39]
2022-07-22 21:11:18.717 INFO  o.a.c.core.ContainerBase.[Tomcat].[localhost].[/] :173  [32m                  [0;39m Initializing Spring embedded WebApplicationContext
2022-07-22 21:11:18.717 INFO  o.s.b.w.s.c.ServletWebServerApplicationContext    :289  [32m                  [0;39m Root WebApplicationContext: initialization completed in 1183 ms
2022-07-22 21:11:18.854 INFO  o.s.scheduling.concurrent.ThreadPoolTaskExecutor  :181  [32m                  [0;39m Initializing ExecutorService 'applicationTaskExecutor'
2022-07-22 21:11:18.983 INFO  org.apache.coyote.http11.Http11NioProtocol        :173  [32m                  [0;39m Starting ProtocolHandler ["http-nio-8880"]
2022-07-22 21:11:18.999 INFO  o.s.boot.web.embedded.tomcat.TomcatWebServer      :220  [32m                  [0;39m Tomcat started on port(s): 8880 (http) with context path ''
2022-07-22 21:11:19.011 INFO  com.jiawa.wiki.WikiApplication                    :61   [32m                  [0;39m Started WikiApplication in 2.174 seconds (JVM running for 3.426)
2022-07-22 21:11:19.013 INFO  com.jiawa.wiki.WikiApplication                    :18   [32m                  [0;39m 启动成功
2022-07-22 21:11:19.013 INFO  com.jiawa.wiki.WikiApplication                    :19   [32m                  [0;39m 地址:	http://127.0.0.1:8880
2022-07-22 21:11:26.524 INFO  o.a.c.core.ContainerBase.[Tomcat].[localhost].[/] :173  [32m                  [0;39m Initializing Spring DispatcherServlet 'dispatcherServlet'
2022-07-22 21:11:26.524 INFO  org.springframework.web.servlet.DispatcherServlet :525  [32m                  [0;39m Initializing Servlet 'dispatcherServlet'
2022-07-22 21:11:26.525 INFO  org.springframework.web.servlet.DispatcherServlet :547  [32m                  [0;39m Completed initialization in 1 ms
2022-07-22 21:20:35.916 INFO  o.s.scheduling.concurrent.ThreadPoolTaskExecutor  :218  [32m                  [0;39m Shutting down ExecutorService 'applicationTaskExecutor'
2022-07-22 21:20:44.332 INFO  com.jiawa.wiki.WikiApplication                    :55   [32m                  [0;39m Starting WikiApplication using Java 1.8.0_152 on DESKTOP-JC14IBB with PID 6872 (F:\code\wiki\target\classes started by wzhy1997 in F:\code\wiki)
2022-07-22 21:20:44.341 INFO  com.jiawa.wiki.WikiApplication                    :660  [32m                  [0;39m No active profile set, falling back to default profiles: default
2022-07-22 21:20:45.649 INFO  o.s.boot.web.embedded.tomcat.TomcatWebServer      :108  [32m                  [0;39m Tomcat initialized with port(s): 8880 (http)
2022-07-22 21:20:45.663 INFO  org.apache.coyote.http11.Http11NioProtocol        :173  [32m                  [0;39m Initializing ProtocolHandler ["http-nio-8880"]
2022-07-22 21:20:45.664 INFO  org.apache.catalina.core.StandardService          :173  [32m                  [0;39m Starting service [Tomcat]
2022-07-22 21:20:45.665 INFO  org.apache.catalina.core.StandardEngine           :173  [32m                  [0;39m Starting Servlet engine: [Apache Tomcat/9.0.39]
2022-07-22 21:20:45.834 INFO  o.a.c.core.ContainerBase.[Tomcat].[localhost].[/] :173  [32m                  [0;39m Initializing Spring embedded WebApplicationContext
2022-07-22 21:20:45.834 INFO  o.s.b.w.s.c.ServletWebServerApplicationContext    :289  [32m                  [0;39m Root WebApplicationContext: initialization completed in 1430 ms
2022-07-22 21:20:46.144 INFO  o.s.scheduling.concurrent.ThreadPoolTaskExecutor  :181  [32m                  [0;39m Initializing ExecutorService 'applicationTaskExecutor'
2022-07-22 21:20:46.502 INFO  org.apache.coyote.http11.Http11NioProtocol        :173  [32m                  [0;39m Starting ProtocolHandler ["http-nio-8880"]
2022-07-22 21:20:46.536 INFO  o.s.boot.web.embedded.tomcat.TomcatWebServer      :220  [32m                  [0;39m Tomcat started on port(s): 8880 (http) with context path ''
2022-07-22 21:20:46.559 INFO  com.jiawa.wiki.WikiApplication                    :61   [32m                  [0;39m Started WikiApplication in 3.086 seconds (JVM running for 4.695)
2022-07-22 21:20:46.564 INFO  com.jiawa.wiki.WikiApplication                    :18   [32m                  [0;39m 启动成功
2022-07-22 21:20:46.565 INFO  com.jiawa.wiki.WikiApplication                    :19   [32m                  [0;39m 地址:	http://127.0.0.1:8880
2022-07-22 21:21:17.500 INFO  o.a.c.core.ContainerBase.[Tomcat].[localhost].[/] :173  [32m                  [0;39m Initializing Spring DispatcherServlet 'dispatcherServlet'
2022-07-22 21:21:17.502 INFO  org.springframework.web.servlet.DispatcherServlet :525  [32m                  [0;39m Initializing Servlet 'dispatcherServlet'
2022-07-22 21:21:17.504 INFO  org.springframework.web.servlet.DispatcherServlet :547  [32m                  [0;39m Completed initialization in 1 ms
2022-07-22 21:22:13.195 INFO  o.s.scheduling.concurrent.ThreadPoolTaskExecutor  :218  [32m                  [0;39m Shutting down ExecutorService 'applicationTaskExecutor'
2022-07-22 21:22:15.896 INFO  com.jiawa.wiki.WikiApplication                    :55   [32m                  [0;39m Starting WikiApplication using Java 1.8.0_152 on DESKTOP-JC14IBB with PID 14872 (F:\code\wiki\target\classes started by wzhy1997 in F:\code\wiki)
2022-07-22 21:22:15.900 INFO  com.jiawa.wiki.WikiApplication                    :660  [32m                  [0;39m No active profile set, falling back to default profiles: default
2022-07-22 21:22:17.079 INFO  o.s.boot.web.embedded.tomcat.TomcatWebServer      :108  [32m                  [0;39m Tomcat initialized with port(s): 8880 (http)
2022-07-22 21:22:17.090 INFO  org.apache.coyote.http11.Http11NioProtocol        :173  [32m                  [0;39m Initializing ProtocolHandler ["http-nio-8880"]
2022-07-22 21:22:17.091 INFO  org.apache.catalina.core.StandardService          :173  [32m                  [0;39m Starting service [Tomcat]
2022-07-22 21:22:17.091 INFO  org.apache.catalina.core.StandardEngine           :173  [32m                  [0;39m Starting Servlet engine: [Apache Tomcat/9.0.39]
2022-07-22 21:22:17.246 INFO  o.a.c.core.ContainerBase.[Tomcat].[localhost].[/] :173  [32m                  [0;39m Initializing Spring embedded WebApplicationContext
2022-07-22 21:22:17.247 INFO  o.s.b.w.s.c.ServletWebServerApplicationContext    :289  [32m                  [0;39m Root WebApplicationContext: initialization completed in 1293 ms
2022-07-22 21:22:17.577 INFO  o.s.scheduling.concurrent.ThreadPoolTaskExecutor  :181  [32m                  [0;39m Initializing ExecutorService 'applicationTaskExecutor'
2022-07-22 21:22:17.905 INFO  org.apache.coyote.http11.Http11NioProtocol        :173  [32m                  [0;39m Starting ProtocolHandler ["http-nio-8880"]
2022-07-22 21:22:17.940 INFO  o.s.boot.web.embedded.tomcat.TomcatWebServer      :220  [32m                  [0;39m Tomcat started on port(s): 8880 (http) with context path ''
2022-07-22 21:22:17.968 INFO  com.jiawa.wiki.WikiApplication                    :61   [32m                  [0;39m Started WikiApplication in 2.667 seconds (JVM running for 3.95)
2022-07-22 21:22:17.972 INFO  com.jiawa.wiki.WikiApplication                    :18   [32m                  [0;39m 启动成功
2022-07-22 21:22:17.972 INFO  com.jiawa.wiki.WikiApplication                    :19   [32m                  [0;39m 地址:	http://127.0.0.1:8880
2022-07-22 21:22:20.189 INFO  o.a.c.core.ContainerBase.[Tomcat].[localhost].[/] :173  [32m                  [0;39m Initializing Spring DispatcherServlet 'dispatcherServlet'
2022-07-22 21:22:20.190 INFO  org.springframework.web.servlet.DispatcherServlet :525  [32m                  [0;39m Initializing Servlet 'dispatcherServlet'
2022-07-22 21:22:20.192 INFO  org.springframework.web.servlet.DispatcherServlet :547  [32m                  [0;39m Completed initialization in 1 ms
2022-07-22 21:23:30.899 INFO  o.s.scheduling.concurrent.ThreadPoolTaskExecutor  :218  [32m                  [0;39m Shutting down ExecutorService 'applicationTaskExecutor'
